<?xml version="1.0" encoding="UTF-8"?>
<!-- Generated by org.testng.reporters.JUnitReportReporter -->
<testsuite skipped="0" hostname="DESKTOP-S8J8GPP" name="SeleniumPracticeJava.SeleniumPracticeJava.SeleniumAlert" tests="1" failures="0" timestamp="26 Oct 2019 10:57:28 GMT" time="48.590" errors="0">
  <testcase name="Test" time="48.590" classname="SeleniumPracticeJava.SeleniumPracticeJava.SeleniumAlert"/>
</testsuite> <!-- SeleniumPracticeJava.SeleniumPracticeJava.SeleniumAlert -->
