<?xml version="1.0" encoding="UTF-8"?>
<!-- Generated by org.testng.reporters.JUnitReportReporter -->
<testsuite skipped="0" hostname="DESKTOP-S8J8GPP" name="hadelesBrawoser.HeadLessBrawoser" tests="1" failures="0" timestamp="29 Dec 2019 11:39:00 GMT" time="11.483" errors="0">
  <testcase name="HadlesTest" time="11.483" classname="hadelesBrawoser.HeadLessBrawoser"/>
</testsuite> <!-- hadelesBrawoser.HeadLessBrawoser -->
