<?xml version="1.0" encoding="UTF-8"?>
<!-- Generated by org.testng.reporters.JUnitReportReporter -->
<testsuite skipped="0" hostname="DESKTOP-S8J8GPP" name="SeleniumPracticeJava.SeleniumPracticeJava.DragAndDropExamples" tests="1" failures="0" timestamp="27 Oct 2019 03:16:54 GMT" time="40.013" errors="0">
  <testcase name="DragAndDrop" time="40.013" classname="SeleniumPracticeJava.SeleniumPracticeJava.DragAndDropExamples"/>
</testsuite> <!-- SeleniumPracticeJava.SeleniumPracticeJava.DragAndDropExamples -->
