<?xml version="1.0" encoding="UTF-8"?>
<!-- Generated by org.testng.reporters.JUnitReportReporter -->
<testsuite skipped="0" hostname="DESKTOP-S8J8GPP" name="ExcelReader.GoogleTest" tests="1" failures="0" timestamp="26 Dec 2019 18:04:37 GMT" time="279.695" errors="0">
  <testcase name="googleSerch" time="279.695" classname="ExcelReader.GoogleTest"/>
</testsuite> <!-- ExcelReader.GoogleTest -->
