<?xml version="1.0" encoding="UTF-8"?>
<!-- Generated by org.testng.reporters.JUnitReportReporter -->
<testsuite skipped="0" hostname="DESKTOP-S8J8GPP" name="SeleniumPracticeJava.SeleniumPracticeJava.AddandRemoveElement" tests="1" failures="0" timestamp="26 Oct 2019 17:43:12 GMT" time="72.179" errors="0">
  <testcase name="Test1" time="72.179" classname="SeleniumPracticeJava.SeleniumPracticeJava.AddandRemoveElement"/>
</testsuite> <!-- SeleniumPracticeJava.SeleniumPracticeJava.AddandRemoveElement -->
