<?xml version="1.0" encoding="UTF-8"?>
<!-- Generated by org.testng.reporters.JUnitReportReporter -->
<testsuite skipped="0" hostname="DESKTOP-S8J8GPP" name="DateAndTimePickerLogic.JavasCripDropDawon" tests="1" failures="0" timestamp="28 Dec 2019 06:24:28 GMT" time="60.315" errors="0">
  <testcase name="TestDropDown" time="60.315" classname="DateAndTimePickerLogic.JavasCripDropDawon"/>
</testsuite> <!-- DateAndTimePickerLogic.JavasCripDropDawon -->
