<?xml version="1.0" encoding="UTF-8"?>
<!-- Generated by org.testng.reporters.JUnitReportReporter -->
<testsuite skipped="0" hostname="DESKTOP-S8J8GPP" name="DateAndTimePickerLogic.mkmytripdropdown" tests="1" failures="0" timestamp="28 Dec 2019 10:55:02 GMT" time="28.298" errors="0">
  <testcase name="TestDropDown" time="28.298" classname="DateAndTimePickerLogic.mkmytripdropdown"/>
</testsuite> <!-- DateAndTimePickerLogic.mkmytripdropdown -->
