<?xml version="1.0" encoding="UTF-8"?>
<!-- Generated by org.testng.reporters.JUnitReportReporter -->
<testsuite skipped="0" hostname="DESKTOP-S8J8GPP" name="DateAndTimePickerLogic.DateTimePickerTest" tests="1" failures="0" timestamp="28 Dec 2019 06:07:05 GMT" time="47.936" errors="0">
  <testcase name="FirstTest" time="47.936" classname="DateAndTimePickerLogic.DateTimePickerTest"/>
</testsuite> <!-- DateAndTimePickerLogic.DateTimePickerTest -->
